NOTE: PROCEDURE PRINTTO used (Total process time):
      real time           0.00 seconds
      cpu time            0.00 seconds
      

412  
413  PROC IMPORT OUT= WORK.Indi06Q1
414              DATAFILE= "C:\Users\karmo\OneDrive\Desktop\SAS\dev\faers\data\raw\2006\INDI06Q1.TXT"
415              DBMS=DLM REPLACE;
416       DELIMITER='24'x;
417       GETNAMES=YES;
418       DATAROW=2;
419       GUESSINGROWS=1000;
420  RUN;

421   /**********************************************************************
422   *   PRODUCT:   SAS
423   *   VERSION:   9.4
424   *   CREATOR:   External File Interface
425   *   DATE:      16SEP15
426   *   DESC:      Generated SAS Datastep Code
427   *   TEMPLATE SOURCE:  (None Specified.)
428   ***********************************************************************/
429      data WORK.INDI06Q1    ;
430      %let _EFIERR_ = 0; /* set the ERROR detection macro variable */
431      infile 'C:\Users\karmo\OneDrive\Desktop\SAS\dev\faers\data\raw\2006\INDI06Q1.TXT' delimiter =
431!  '$' MISSOVER DSD lrecl=32767 firstobs=2 ;
432         informat ISR best32. ;
433         informat DRUG_SEQ best32. ;
434         informat INDI_PT $45. ;
435         format ISR best12. ;
436         format DRUG_SEQ best12. ;
437         format INDI_PT $45. ;
438      input
439                  ISR
440                  DRUG_SEQ
441                  INDI_PT $
442      ;
443      if _ERROR_ then call symputx('_EFIERR_',1);  /* set ERROR detection macro variable */
444      run;

NOTE: The infile 'C:\Users\karmo\OneDrive\Desktop\SAS\dev\faers\data\raw\2006\INDI06Q1.TXT' is:
      Filename=C:\Users\karmo\OneDrive\Desktop\SAS\dev\faers\data\raw\2006\INDI06Q1.TXT,
      RECFM=V,LRECL=32767,File Size (bytes)=5083668,
      Last Modified=07Apr2025:15:32:03,
      Create Time=07Apr2025:15:38:05

NOTE: 130498 records were read from the infile 
      'C:\Users\karmo\OneDrive\Desktop\SAS\dev\faers\data\raw\2006\INDI06Q1.TXT'.
      The minimum record length was 22.
      The maximum record length was 82.
NOTE: The data set WORK.INDI06Q1 has 130498 observations and 3 variables.
NOTE: DATA statement used (Total process time):
      real time           0.03 seconds
      cpu time            0.01 seconds
      

130498 rows created in WORK.INDI06Q1 from 
C:\Users\karmo\OneDrive\Desktop\SAS\dev\faers\data\raw\2006\INDI06Q1.TXT.
  
  
  
NOTE: WORK.INDI06Q1 data set was successfully created.
NOTE: The data set WORK.INDI06Q1 has 130498 observations and 3 variables.
NOTE: PROCEDURE IMPORT used (Total process time):
      real time           0.09 seconds
      cpu time            0.09 seconds
      

445  
446  PROC PRINTTO;
447  RUN;

